<?xml version="1.0" encoding="UTF-8"?>
<!-- Generated by org.testng.reporters.JUnitReportReporter -->
<testsuite hostname="Admin-PC" name="test.PaymentPageTest" tests="2" failures="0" timestamp="29 Jun 2021 14:06:53 GMT" time="49.321" errors="0">
  <testcase name="verifyPaymentPageTitle" time="23.521" classname="test.PaymentPageTest"/>
  <testcase name="selectCreditCardAndEnter" time="25.800" classname="test.PaymentPageTest"/>
</testsuite> <!-- test.PaymentPageTest -->
