<?xml version="1.0" encoding="UTF-8"?>
<!-- Generated by org.testng.reporters.JUnitReportReporter -->
<testsuite skipped="0" hostname="Admin-PC" name="test.productTest" tests="2" failures="0" timestamp="2021-06-23T18:34:53 IST" time="19.416" errors="0">
  <testcase name="verifyPrdoduct" time="19.289" classname="test.productTest"/>
  <system-out/>
  <testcase name="addToCartTest" time="0.127" classname="test.productTest"/>
  <system-out/>
</testsuite> <!-- test.productTest -->
