<?xml version="1.0" encoding="UTF-8"?>
<!-- Generated by org.testng.reporters.JUnitReportReporter -->
<testsuite skipped="0" hostname="Admin-PC" name="test.LoginTest" tests="2" failures="0" timestamp="2021-06-28T14:58:56 IST" time="60.812" errors="0">
  <testcase name="titleTest" time="20.999" classname="test.LoginTest"/>
  <system-out/>
  <testcase name="loginTest" time="39.813" classname="test.LoginTest"/>
  <system-out/>
</testsuite> <!-- test.LoginTest -->
