<?xml version="1.0" encoding="UTF-8"?>
<!-- Generated by org.testng.reporters.JUnitReportReporter -->
<testsuite hostname="Admin-PC" name="test.LoginTest" tests="2" failures="0" timestamp="29 Jun 2021 07:31:14 GMT" time="28.784" errors="0">
  <testcase name="titleTest" time="13.304" classname="test.LoginTest"/>
  <testcase name="loginTest" time="15.480" classname="test.LoginTest"/>
</testsuite> <!-- test.LoginTest -->
