<?xml version="1.0" encoding="UTF-8"?>
<!-- Generated by org.testng.reporters.JUnitReportReporter -->
<testsuite skipped="0" hostname="Admin-PC" name="test.testPage" tests="2" failures="0" timestamp="2021-06-15T18:26:16 IST" time="2.453" errors="0">
  <testcase name="second" time="0.026" classname="test.testPage"/>
  <system-out/>
  <testcase name="first" time="2.427" classname="test.testPage"/>
  <system-out/>
</testsuite> <!-- test.testPage -->
