<?xml version="1.0" encoding="UTF-8"?>
<!-- Generated by org.testng.reporters.JUnitReportReporter -->
<testsuite skipped="0" hostname="Admin-PC" name="test.homePageTest" tests="2" failures="0" timestamp="2021-06-28T14:58:56 IST" time="89.682" errors="0">
  <testcase name="loginVerifyTest" time="47.189" classname="test.homePageTest"/>
  <system-out/>
  <testcase name="enterProductName" time="42.493" classname="test.homePageTest"/>
  <system-out/>
</testsuite> <!-- test.homePageTest -->
