<?xml version="1.0" encoding="UTF-8"?>
<!-- Generated by org.testng.reporters.JUnitReportReporter -->
<testsuite skipped="0" hostname="Admin-PC" name="test.productTest" tests="2" failures="0" timestamp="2021-06-25T09:26:19 IST" time="3.221" errors="0">
  <testcase name="verifyPrdoduct" time="3.103" classname="test.productTest"/>
  <system-out/>
  <testcase name="addToCartTest" time="0.118" classname="test.productTest"/>
  <system-out/>
</testsuite> <!-- test.productTest -->
