<?xml version="1.0" encoding="UTF-8"?>
<!-- Generated by org.testng.reporters.JUnitReportReporter -->
<testsuite hostname="Admin-PC" name="test.LoginTest" tests="2" failures="0" timestamp="29 Jun 2021 14:06:53 GMT" time="22.231" errors="0">
  <testcase name="loginTest" time="10.846" classname="test.LoginTest"/>
  <testcase name="titleTest" time="11.385" classname="test.LoginTest"/>
</testsuite> <!-- test.LoginTest -->
