<?xml version="1.0" encoding="UTF-8"?>
<!-- Generated by org.testng.reporters.JUnitReportReporter -->
<testsuite skipped="0" hostname="Admin-PC" name="test.homePageTest" tests="2" failures="0" timestamp="2021-06-23T18:34:53 IST" time="4.883" errors="0">
  <testcase name="loginVerifyTest" time="0.108" classname="test.homePageTest"/>
  <system-out/>
  <testcase name="enterProductName" time="4.775" classname="test.homePageTest"/>
  <system-out/>
</testsuite> <!-- test.homePageTest -->
