<?xml version="1.0" encoding="UTF-8"?>
<!-- Generated by org.testng.reporters.JUnitReportReporter -->
<testsuite skipped="0" hostname="Admin-PC" name="test.PaymentPageTest" tests="3" failures="0" timestamp="2021-06-24T10:28:29 IST" time="6.189" errors="0">
  <testcase name="verifyPaymentPageTitle" time="0.029" classname="test.PaymentPageTest"/>
  <system-out/>
  <testcase name="selectCreditCardAndEnter" time="6.083" classname="test.PaymentPageTest"/>
  <system-out/>
  <testcase name="cardNumberValidation" time="0.077" classname="test.PaymentPageTest"/>
  <system-out/>
</testsuite> <!-- test.PaymentPageTest -->
