<?xml version="1.0" encoding="UTF-8"?>
<!-- Generated by org.testng.reporters.JUnitReportReporter -->
<testsuite hostname="Admin-PC" name="test.homePageTest" tests="2" failures="0" timestamp="29 Jun 2021 14:06:53 GMT" time="31.005" errors="0">
  <testcase name="loginVerifyTest" time="13.801" classname="test.homePageTest"/>
  <testcase name="enterProductName" time="17.204" classname="test.homePageTest"/>
</testsuite> <!-- test.homePageTest -->
