<?xml version="1.0" encoding="UTF-8"?>
<!-- Generated by org.testng.reporters.JUnitReportReporter -->
<testsuite skipped="2" hostname="Admin-PC" name="test.PlaceOrderTest" tests="2" failures="0" timestamp="2021-06-25T09:22:38 IST" time="0.002" errors="0">
  <testcase name="verifyProductInCart" time="0.002" classname="test.PlaceOrderTest">
    <skipped/>
  </testcase> <!-- verifyProductInCart -->
  <system-out/>
  <testcase name="orderTest" time="0.000" classname="test.PlaceOrderTest">
    <skipped/>
  </testcase> <!-- orderTest -->
  <system-out/>
</testsuite> <!-- test.PlaceOrderTest -->
