<?xml version="1.0" encoding="UTF-8"?>
<!-- Generated by org.testng.reporters.JUnitReportReporter -->
<testsuite hostname="Admin-PC" name="test.productTest" tests="2" failures="0" timestamp="29 Jun 2021 14:06:53 GMT" time="42.760" errors="0">
  <testcase name="verifyPrdoduct" time="24.958" classname="test.productTest"/>
  <testcase name="addToCartTest" time="17.802" classname="test.productTest"/>
</testsuite> <!-- test.productTest -->
