<?xml version="1.0" encoding="UTF-8"?>
<!-- Generated by org.testng.reporters.JUnitReportReporter -->
<testsuite skipped="2" hostname="Admin-PC" name="test.homePageTest" tests="2" failures="0" timestamp="2021-06-29T13:02:50 IST" time="0.000" errors="0">
  <testcase name="loginVerifyTest" time="0.000" classname="test.homePageTest">
    <skipped/>
  </testcase> <!-- loginVerifyTest -->
  <system-out/>
  <testcase name="enterProductName" time="0.000" classname="test.homePageTest">
    <skipped/>
  </testcase> <!-- enterProductName -->
  <system-out/>
</testsuite> <!-- test.homePageTest -->
