<?xml version="1.0" encoding="UTF-8"?>
<!-- Generated by org.testng.reporters.JUnitReportReporter -->
<testsuite skipped="2" hostname="Admin-PC" name="test.LoginTest" tests="2" failures="0" timestamp="2021-06-29T13:02:50 IST" time="0.000" errors="0">
  <testcase name="titleTest" time="0.000" classname="test.LoginTest">
    <skipped/>
  </testcase> <!-- titleTest -->
  <system-out/>
  <testcase name="loginTest" time="0.000" classname="test.LoginTest">
    <skipped/>
  </testcase> <!-- loginTest -->
  <system-out/>
</testsuite> <!-- test.LoginTest -->
