<?xml version="1.0" encoding="UTF-8"?>
<!-- Generated by org.testng.reporters.JUnitReportReporter -->
<testsuite skipped="2" hostname="Admin-PC" name="test.productTest" tests="2" failures="0" timestamp="2021-06-29T13:02:50 IST" time="0.000" errors="0">
  <testcase name="verifyPrdoduct" time="0.000" classname="test.productTest">
    <skipped/>
  </testcase> <!-- verifyPrdoduct -->
  <system-out/>
  <testcase name="addToCartTest" time="0.000" classname="test.productTest">
    <skipped/>
  </testcase> <!-- addToCartTest -->
  <system-out/>
</testsuite> <!-- test.productTest -->
