<?xml version="1.0" encoding="UTF-8"?>
<!-- Generated by org.testng.reporters.JUnitReportReporter -->
<testsuite hostname="Admin-PC" name="test.homePageTest" tests="2" failures="0" timestamp="29 Jun 2021 08:17:38 GMT" time="57.758" errors="0">
  <testcase name="loginVerifyTest" time="26.986" classname="test.homePageTest"/>
  <testcase name="enterProductName" time="30.772" classname="test.homePageTest"/>
</testsuite> <!-- test.homePageTest -->
