<?xml version="1.0" encoding="UTF-8"?>
<!-- Generated by org.testng.reporters.JUnitReportReporter -->
<testsuite hostname="Admin-PC" name="test.LoginTest" tests="2" failures="0" timestamp="29 Jun 2021 08:17:38 GMT" time="82.056" errors="0">
  <testcase name="titleTest" time="33.644" classname="test.LoginTest"/>
  <testcase name="loginTest" time="48.412" classname="test.LoginTest"/>
</testsuite> <!-- test.LoginTest -->
