<?xml version="1.0" encoding="UTF-8"?>
<!-- Generated by org.testng.reporters.JUnitReportReporter -->
<testsuite skipped="3" hostname="Admin-PC" name="test.PaymentPageTest" tests="3" failures="0" timestamp="2021-06-29T13:02:50 IST" time="0.000" errors="0">
  <testcase name="verifyPaymentPageTitle" time="0.000" classname="test.PaymentPageTest">
    <skipped/>
  </testcase> <!-- verifyPaymentPageTitle -->
  <system-out/>
  <testcase name="selectCreditCardAndEnter" time="0.000" classname="test.PaymentPageTest">
    <skipped/>
  </testcase> <!-- selectCreditCardAndEnter -->
  <system-out/>
  <testcase name="cardNumberValidation" time="0.000" classname="test.PaymentPageTest">
    <skipped/>
  </testcase> <!-- cardNumberValidation -->
  <system-out/>
</testsuite> <!-- test.PaymentPageTest -->
